

-------- Grammar --------

rule 1 Programa: Instruccion
rule 2 Instruccion: Expresion "<-" Expresion ";"
rule 3 Instruccion: "with" LDeclaraciones "begin" Instrucciones "end"
rule 4 Instruccion: "begin" Instrucciones "end"
rule 5 Instruccion: "read" Expresion ";"
rule 6 Instruccion: "print" Expresion ";"
rule 7 Instruccion: "if" Expresion "->" Instrucciones "otherwise" "->" Instrucciones "end"
rule 8 Instruccion: "if" Expresion "->" Instrucciones "end"
rule 9 Instruccion: "for" Expresion "from" Expresion "to" Expresion "[" "step" Expresion "]" "->" Instrucciones "end"
rule 10 Instruccion: "for" Expresion "from" Expresion "to" Expresion "->" Instrucciones "end"
rule 11 Instruccion: "while" Expresion "->" Instrucciones "end"
rule 12 Instruccion: Expresion ";"
rule 13 Instrucciones: Instruccion
rule 14 Instrucciones: Instrucciones Instruccion
rule 15 LDeclaraciones: "var" Declaracion
rule 16 LDeclaraciones: "var" Declaracion LDeclaraciones
rule 17 Declaracion: Argumentos ":" Tipo
rule 18 Argumentos: "id" "<-" Expresion
rule 19 Argumentos: "id" "<-" Expresion "," Argumentos
rule 20 Argumentos: "id" "," Argumentos
rule 21 Argumentos: "id"
rule 22 Tipo: "int"
rule 23 Tipo: "bool"
rule 24 Tipo: "char"
rule 25 Tipo: "array" "[" Expresion "]" "of" Tipo
rule 26 Expresion: "num"
rule 27 Expresion: "true"
rule 28 Expresion: "false"
rule 29 Expresion: "caracter"
rule 30 Expresion: "id"
rule 31 Expresion: "#" "caracter"
rule 32 Expresion: Expresion "%" Expresion
rule 33 Expresion: "caracter" "++"
rule 34 Expresion: "caracter" "--"
rule 35 Expresion: Expresion "::" Expresion
rule 36 Expresion: Expresion "*" Expresion
rule 37 Expresion: Expresion "+" Expresion
rule 38 Expresion: Expresion "-" Expresion
rule 39 Expresion: Expresion "\\/" Expresion
rule 40 Expresion: Expresion "/=" Expresion
rule 41 Expresion: Expresion "<" Expresion
rule 42 Expresion: Expresion "<=" Expresion
rule 43 Expresion: Expresion "=" Expresion
rule 44 Expresion: Expresion "." Expresion
rule 45 Expresion: Expresion ">" Expresion
rule 46 Expresion: Expresion ">=" Expresion
rule 47 Expresion: Expresion "\\/\\" Expresion
rule 48 Expresion: Expresion "\\\\/" Expresion
rule 49 Expresion: "not" Expresion
rule 50 Expresion: "$" Expresion
rule 51 Expresion: "-" Expresion
rule 52 Expresion: "(" Expresion ")"
rule 53 Expresion: "[" Expresion "]"
rule 54 Expresion: Expresion "[" Expresion "]"

------- Symbols -------

**Nonterminals, with rules where they appear

  $start (55)
    on right: 
    on left : 
  Programa (56)
    on right: 
    on left : 1
  Instruccion (57)
    on right: 1 13 14
    on left : 2 3 4 5 6 7 8 9 10 11 12
  Expresion (58)
    on right: 2 5 6 7 8 9 10 11 12 18 19 25 32 35 36 37 38 39 40 41 42 43 44 45 46 47 48 49 50 51 52 53 54
    on left : 26 27 28 29 30 31 32 33 34 35 36 37 38 39 40 41 42 43 44 45 46 47 48 49 50 51 52 53 54
  LDeclaraciones (59)
    on right: 3 16
    on left : 15 16
  Instrucciones (60)
    on right: 3 4 7 8 9 10 11 14
    on left : 13 14
  Declaracion (61)
    on right: 15 16
    on left : 17
  Argumentos (62)
    on right: 17 19 20
    on left : 18 19 20 21
  Tipo (63)
    on right: 17 25
    on left : 22 23 24 25

**Terminals, with rules where they appear

  $end (0) 
  error (1) 
  "," (2) 19 20
  "." (3) 44
  ";" (4) 2 5 6 12
  ":" (5) 17
  "(" (6) 52
  ")" (7) 52
  "[" (8) 9 25 53 54
  "]" (9) 9 25 53 54
  "->" (10) 7 8 9 10 11
  "<-" (11) 2 18 19
  "+" (12) 37
  "-" (13) 38 51
  "*" (14) 36
  "\\/" (15) 39
  "%" (16) 32
  "\\/\\" (17) 47
  "\\\\/" (18) 48
  "not" (19) 49
  "/=" (20) 40
  "<" (21) 41
  "<=" (22) 42
  ">" (23) 45
  ">=" (24) 46
  "=" (25) 43
  "++" (26) 33
  "--" (27) 34
  "#" (28) 31
  "::" (29) 35
  "$" (30) 50
  "with" (31) 3
  "true" (32) 27
  "false" (33) 28
  "var" (34) 15 16
  "begin" (35) 3 4
  "end" (36) 3 4 7 8 9 10 11
  "int" (37) 22
  "while" (38) 11
  "if" (39) 7 8
  "char" (40) 24
  "otherwise" (41) 7
  "bool" (42) 23
  "caracter" (43) 29 31 33 34
  "array" (44) 25
  "read" (45) 5
  "of" (46) 25
  "print" (47) 6
  "for" (48) 9 10
  "step" (49) 9
  "from" (50) 9 10
  "to" (51) 9 10
  UMINUS (52) 
  "num" (53) 26
  "id" (54) 18 19 20 21 30

--------- State ---------

state 0


  "("           shift, and go to state 20
  "["           shift, and go to state 21
  "-"           shift, and go to state 19
  "not"         shift, and go to state 17
  "#"           shift, and go to state 16
  "$"           shift, and go to state 18
  "with"        shift, and go to state 4
  "true"        shift, and go to state 12
  "false"       shift, and go to state 13
  "begin"       shift, and go to state 5
  "while"       shift, and go to state 10
  "if"          shift, and go to state 8
  "caracter"    shift, and go to state 14
  "read"        shift, and go to state 6
  "print"       shift, and go to state 7
  "for"         shift, and go to state 9
  "num"         shift, and go to state 11
  "id"          shift, and go to state 15

  Programa      go to state 1
  Instruccion   go to state 2
  Expresion     go to state 3

state 1


  $end          shift, and go to state 22


state 2

   1) Programa : Instruccion _

  $default      reduce using rule 1 (Programa)


state 3

   2) Instruccion : Expresion _ "<-" Expresion ";"
  12) Instruccion : Expresion _ ";"
  32) Expresion : Expresion _ "%" Expresion
  35) Expresion : Expresion _ "::" Expresion
  36) Expresion : Expresion _ "*" Expresion
  37) Expresion : Expresion _ "+" Expresion
  38) Expresion : Expresion _ "-" Expresion
  39) Expresion : Expresion _ "\\/" Expresion
  40) Expresion : Expresion _ "/=" Expresion
  41) Expresion : Expresion _ "<" Expresion
  42) Expresion : Expresion _ "<=" Expresion
  43) Expresion : Expresion _ "=" Expresion
  44) Expresion : Expresion _ "." Expresion
  45) Expresion : Expresion _ ">" Expresion
  46) Expresion : Expresion _ ">=" Expresion
  47) Expresion : Expresion _ "\\/\\" Expresion
  48) Expresion : Expresion _ "\\\\/" Expresion
  54) Expresion : Expresion _ "[" Expresion "]"

  "."           shift, and go to state 35
  ";"           shift, and go to state 24
  "["           shift, and go to state 40
  "<-"          shift, and go to state 23
  "+"           shift, and go to state 28
  "-"           shift, and go to state 29
  "*"           shift, and go to state 27
  "\\/"         shift, and go to state 30
  "%"           shift, and go to state 25
  "\\/\\"       shift, and go to state 38
  "\\\\/"       shift, and go to state 39
  "/="          shift, and go to state 31
  "<"           shift, and go to state 32
  "<="          shift, and go to state 33
  ">"           shift, and go to state 36
  ">="          shift, and go to state 37
  "="           shift, and go to state 34
  "::"          shift, and go to state 26


state 4

   3) Instruccion : "with" _ LDeclaraciones "begin" Instrucciones "end"

  "var"         shift, and go to state 42

  LDeclaraciones  go to state 41

state 5

   4) Instruccion : "begin" _ Instrucciones "end"

  "("           shift, and go to state 20
  "["           shift, and go to state 21
  "-"           shift, and go to state 19
  "not"         shift, and go to state 17
  "#"           shift, and go to state 16
  "$"           shift, and go to state 18
  "with"        shift, and go to state 4
  "true"        shift, and go to state 12
  "false"       shift, and go to state 13
  "begin"       shift, and go to state 5
  "while"       shift, and go to state 10
  "if"          shift, and go to state 8
  "caracter"    shift, and go to state 14
  "read"        shift, and go to state 6
  "print"       shift, and go to state 7
  "for"         shift, and go to state 9
  "num"         shift, and go to state 11
  "id"          shift, and go to state 15

  Expresion     go to state 3
  Instrucciones  go to state 43
  Instruccion   go to state 44

state 6

   5) Instruccion : "read" _ Expresion ";"

  "("           shift, and go to state 20
  "["           shift, and go to state 21
  "-"           shift, and go to state 19
  "not"         shift, and go to state 17
  "#"           shift, and go to state 16
  "$"           shift, and go to state 18
  "true"        shift, and go to state 12
  "false"       shift, and go to state 13
  "caracter"    shift, and go to state 14
  "num"         shift, and go to state 11
  "id"          shift, and go to state 15

  Expresion     go to state 45

state 7

   6) Instruccion : "print" _ Expresion ";"

  "("           shift, and go to state 20
  "["           shift, and go to state 21
  "-"           shift, and go to state 19
  "not"         shift, and go to state 17
  "#"           shift, and go to state 16
  "$"           shift, and go to state 18
  "true"        shift, and go to state 12
  "false"       shift, and go to state 13
  "caracter"    shift, and go to state 14
  "num"         shift, and go to state 11
  "id"          shift, and go to state 15

  Expresion     go to state 46

state 8

   7) Instruccion : "if" _ Expresion "->" Instrucciones "otherwise" "->" Instrucciones "end"
   8) Instruccion : "if" _ Expresion "->" Instrucciones "end"

  "("           shift, and go to state 20
  "["           shift, and go to state 21
  "-"           shift, and go to state 19
  "not"         shift, and go to state 17
  "#"           shift, and go to state 16
  "$"           shift, and go to state 18
  "true"        shift, and go to state 12
  "false"       shift, and go to state 13
  "caracter"    shift, and go to state 14
  "num"         shift, and go to state 11
  "id"          shift, and go to state 15

  Expresion     go to state 47

state 9

   9) Instruccion : "for" _ Expresion "from" Expresion "to" Expresion "[" "step" Expresion "]" "->" Instrucciones "end"
  10) Instruccion : "for" _ Expresion "from" Expresion "to" Expresion "->" Instrucciones "end"

  "("           shift, and go to state 20
  "["           shift, and go to state 21
  "-"           shift, and go to state 19
  "not"         shift, and go to state 17
  "#"           shift, and go to state 16
  "$"           shift, and go to state 18
  "true"        shift, and go to state 12
  "false"       shift, and go to state 13
  "caracter"    shift, and go to state 14
  "num"         shift, and go to state 11
  "id"          shift, and go to state 15

  Expresion     go to state 48

state 10

  11) Instruccion : "while" _ Expresion "->" Instrucciones "end"

  "("           shift, and go to state 20
  "["           shift, and go to state 21
  "-"           shift, and go to state 19
  "not"         shift, and go to state 17
  "#"           shift, and go to state 16
  "$"           shift, and go to state 18
  "true"        shift, and go to state 12
  "false"       shift, and go to state 13
  "caracter"    shift, and go to state 14
  "num"         shift, and go to state 11
  "id"          shift, and go to state 15

  Expresion     go to state 49

state 11

  26) Expresion : "num" _

  $default      reduce using rule 26 (Expresion)


state 12

  27) Expresion : "true" _

  $default      reduce using rule 27 (Expresion)


state 13

  28) Expresion : "false" _

  $default      reduce using rule 28 (Expresion)


state 14

  29) Expresion : "caracter" _
  33) Expresion : "caracter" _ "++"
  34) Expresion : "caracter" _ "--"

  "++"          shift, and go to state 50
  "--"          shift, and go to state 51
  $default      reduce using rule 29 (Expresion)


state 15

  30) Expresion : "id" _

  $default      reduce using rule 30 (Expresion)


state 16

  31) Expresion : "#" _ "caracter"

  "caracter"    shift, and go to state 52


state 17

  49) Expresion : "not" _ Expresion

  "("           shift, and go to state 20
  "["           shift, and go to state 21
  "-"           shift, and go to state 19
  "not"         shift, and go to state 17
  "#"           shift, and go to state 16
  "$"           shift, and go to state 18
  "true"        shift, and go to state 12
  "false"       shift, and go to state 13
  "caracter"    shift, and go to state 14
  "num"         shift, and go to state 11
  "id"          shift, and go to state 15

  Expresion     go to state 53

state 18

  50) Expresion : "$" _ Expresion

  "("           shift, and go to state 20
  "["           shift, and go to state 21
  "-"           shift, and go to state 19
  "not"         shift, and go to state 17
  "#"           shift, and go to state 16
  "$"           shift, and go to state 18
  "true"        shift, and go to state 12
  "false"       shift, and go to state 13
  "caracter"    shift, and go to state 14
  "num"         shift, and go to state 11
  "id"          shift, and go to state 15

  Expresion     go to state 54

state 19

  51) Expresion : "-" _ Expresion

  "("           shift, and go to state 20
  "["           shift, and go to state 21
  "-"           shift, and go to state 19
  "not"         shift, and go to state 17
  "#"           shift, and go to state 16
  "$"           shift, and go to state 18
  "true"        shift, and go to state 12
  "false"       shift, and go to state 13
  "caracter"    shift, and go to state 14
  "num"         shift, and go to state 11
  "id"          shift, and go to state 15

  Expresion     go to state 55

state 20

  52) Expresion : "(" _ Expresion ")"

  "("           shift, and go to state 20
  "["           shift, and go to state 21
  "-"           shift, and go to state 19
  "not"         shift, and go to state 17
  "#"           shift, and go to state 16
  "$"           shift, and go to state 18
  "true"        shift, and go to state 12
  "false"       shift, and go to state 13
  "caracter"    shift, and go to state 14
  "num"         shift, and go to state 11
  "id"          shift, and go to state 15

  Expresion     go to state 56

state 21

  53) Expresion : "[" _ Expresion "]"

  "("           shift, and go to state 20
  "["           shift, and go to state 21
  "-"           shift, and go to state 19
  "not"         shift, and go to state 17
  "#"           shift, and go to state 16
  "$"           shift, and go to state 18
  "true"        shift, and go to state 12
  "false"       shift, and go to state 13
  "caracter"    shift, and go to state 14
  "num"         shift, and go to state 11
  "id"          shift, and go to state 15

  Expresion     go to state 57

state 22


  $end          shift, and go to state 58


state 23

   2) Instruccion : Expresion "<-" _ Expresion ";"

  "("           shift, and go to state 20
  "["           shift, and go to state 21
  "-"           shift, and go to state 19
  "not"         shift, and go to state 17
  "#"           shift, and go to state 16
  "$"           shift, and go to state 18
  "true"        shift, and go to state 12
  "false"       shift, and go to state 13
  "caracter"    shift, and go to state 14
  "num"         shift, and go to state 11
  "id"          shift, and go to state 15

  Expresion     go to state 59

state 24

  12) Instruccion : Expresion ";" _

  $default      reduce using rule 12 (Instruccion)


state 25

  32) Expresion : Expresion "%" _ Expresion

  "("           shift, and go to state 20
  "["           shift, and go to state 21
  "-"           shift, and go to state 19
  "not"         shift, and go to state 17
  "#"           shift, and go to state 16
  "$"           shift, and go to state 18
  "true"        shift, and go to state 12
  "false"       shift, and go to state 13
  "caracter"    shift, and go to state 14
  "num"         shift, and go to state 11
  "id"          shift, and go to state 15

  Expresion     go to state 60

state 26

  35) Expresion : Expresion "::" _ Expresion

  "("           shift, and go to state 20
  "["           shift, and go to state 21
  "-"           shift, and go to state 19
  "not"         shift, and go to state 17
  "#"           shift, and go to state 16
  "$"           shift, and go to state 18
  "true"        shift, and go to state 12
  "false"       shift, and go to state 13
  "caracter"    shift, and go to state 14
  "num"         shift, and go to state 11
  "id"          shift, and go to state 15

  Expresion     go to state 61

state 27

  36) Expresion : Expresion "*" _ Expresion

  "("           shift, and go to state 20
  "["           shift, and go to state 21
  "-"           shift, and go to state 19
  "not"         shift, and go to state 17
  "#"           shift, and go to state 16
  "$"           shift, and go to state 18
  "true"        shift, and go to state 12
  "false"       shift, and go to state 13
  "caracter"    shift, and go to state 14
  "num"         shift, and go to state 11
  "id"          shift, and go to state 15

  Expresion     go to state 62

state 28

  37) Expresion : Expresion "+" _ Expresion

  "("           shift, and go to state 20
  "["           shift, and go to state 21
  "-"           shift, and go to state 19
  "not"         shift, and go to state 17
  "#"           shift, and go to state 16
  "$"           shift, and go to state 18
  "true"        shift, and go to state 12
  "false"       shift, and go to state 13
  "caracter"    shift, and go to state 14
  "num"         shift, and go to state 11
  "id"          shift, and go to state 15

  Expresion     go to state 63

state 29

  38) Expresion : Expresion "-" _ Expresion

  "("           shift, and go to state 20
  "["           shift, and go to state 21
  "-"           shift, and go to state 19
  "not"         shift, and go to state 17
  "#"           shift, and go to state 16
  "$"           shift, and go to state 18
  "true"        shift, and go to state 12
  "false"       shift, and go to state 13
  "caracter"    shift, and go to state 14
  "num"         shift, and go to state 11
  "id"          shift, and go to state 15

  Expresion     go to state 64

state 30

  39) Expresion : Expresion "\\/" _ Expresion

  "("           shift, and go to state 20
  "["           shift, and go to state 21
  "-"           shift, and go to state 19
  "not"         shift, and go to state 17
  "#"           shift, and go to state 16
  "$"           shift, and go to state 18
  "true"        shift, and go to state 12
  "false"       shift, and go to state 13
  "caracter"    shift, and go to state 14
  "num"         shift, and go to state 11
  "id"          shift, and go to state 15

  Expresion     go to state 65

state 31

  40) Expresion : Expresion "/=" _ Expresion

  "("           shift, and go to state 20
  "["           shift, and go to state 21
  "-"           shift, and go to state 19
  "not"         shift, and go to state 17
  "#"           shift, and go to state 16
  "$"           shift, and go to state 18
  "true"        shift, and go to state 12
  "false"       shift, and go to state 13
  "caracter"    shift, and go to state 14
  "num"         shift, and go to state 11
  "id"          shift, and go to state 15

  Expresion     go to state 66

state 32

  41) Expresion : Expresion "<" _ Expresion

  "("           shift, and go to state 20
  "["           shift, and go to state 21
  "-"           shift, and go to state 19
  "not"         shift, and go to state 17
  "#"           shift, and go to state 16
  "$"           shift, and go to state 18
  "true"        shift, and go to state 12
  "false"       shift, and go to state 13
  "caracter"    shift, and go to state 14
  "num"         shift, and go to state 11
  "id"          shift, and go to state 15

  Expresion     go to state 67

state 33

  42) Expresion : Expresion "<=" _ Expresion

  "("           shift, and go to state 20
  "["           shift, and go to state 21
  "-"           shift, and go to state 19
  "not"         shift, and go to state 17
  "#"           shift, and go to state 16
  "$"           shift, and go to state 18
  "true"        shift, and go to state 12
  "false"       shift, and go to state 13
  "caracter"    shift, and go to state 14
  "num"         shift, and go to state 11
  "id"          shift, and go to state 15

  Expresion     go to state 68

state 34

  43) Expresion : Expresion "=" _ Expresion

  "("           shift, and go to state 20
  "["           shift, and go to state 21
  "-"           shift, and go to state 19
  "not"         shift, and go to state 17
  "#"           shift, and go to state 16
  "$"           shift, and go to state 18
  "true"        shift, and go to state 12
  "false"       shift, and go to state 13
  "caracter"    shift, and go to state 14
  "num"         shift, and go to state 11
  "id"          shift, and go to state 15

  Expresion     go to state 69

state 35

  44) Expresion : Expresion "." _ Expresion

  "("           shift, and go to state 20
  "["           shift, and go to state 21
  "-"           shift, and go to state 19
  "not"         shift, and go to state 17
  "#"           shift, and go to state 16
  "$"           shift, and go to state 18
  "true"        shift, and go to state 12
  "false"       shift, and go to state 13
  "caracter"    shift, and go to state 14
  "num"         shift, and go to state 11
  "id"          shift, and go to state 15

  Expresion     go to state 70

state 36

  45) Expresion : Expresion ">" _ Expresion

  "("           shift, and go to state 20
  "["           shift, and go to state 21
  "-"           shift, and go to state 19
  "not"         shift, and go to state 17
  "#"           shift, and go to state 16
  "$"           shift, and go to state 18
  "true"        shift, and go to state 12
  "false"       shift, and go to state 13
  "caracter"    shift, and go to state 14
  "num"         shift, and go to state 11
  "id"          shift, and go to state 15

  Expresion     go to state 71

state 37

  46) Expresion : Expresion ">=" _ Expresion

  "("           shift, and go to state 20
  "["           shift, and go to state 21
  "-"           shift, and go to state 19
  "not"         shift, and go to state 17
  "#"           shift, and go to state 16
  "$"           shift, and go to state 18
  "true"        shift, and go to state 12
  "false"       shift, and go to state 13
  "caracter"    shift, and go to state 14
  "num"         shift, and go to state 11
  "id"          shift, and go to state 15

  Expresion     go to state 72

state 38

  47) Expresion : Expresion "\\/\\" _ Expresion

  "("           shift, and go to state 20
  "["           shift, and go to state 21
  "-"           shift, and go to state 19
  "not"         shift, and go to state 17
  "#"           shift, and go to state 16
  "$"           shift, and go to state 18
  "true"        shift, and go to state 12
  "false"       shift, and go to state 13
  "caracter"    shift, and go to state 14
  "num"         shift, and go to state 11
  "id"          shift, and go to state 15

  Expresion     go to state 73

state 39

  48) Expresion : Expresion "\\\\/" _ Expresion

  "("           shift, and go to state 20
  "["           shift, and go to state 21
  "-"           shift, and go to state 19
  "not"         shift, and go to state 17
  "#"           shift, and go to state 16
  "$"           shift, and go to state 18
  "true"        shift, and go to state 12
  "false"       shift, and go to state 13
  "caracter"    shift, and go to state 14
  "num"         shift, and go to state 11
  "id"          shift, and go to state 15

  Expresion     go to state 74

state 40

  54) Expresion : Expresion "[" _ Expresion "]"

  "("           shift, and go to state 20
  "["           shift, and go to state 21
  "-"           shift, and go to state 19
  "not"         shift, and go to state 17
  "#"           shift, and go to state 16
  "$"           shift, and go to state 18
  "true"        shift, and go to state 12
  "false"       shift, and go to state 13
  "caracter"    shift, and go to state 14
  "num"         shift, and go to state 11
  "id"          shift, and go to state 15

  Expresion     go to state 75

state 41

   3) Instruccion : "with" LDeclaraciones _ "begin" Instrucciones "end"

  "begin"       shift, and go to state 76


state 42

  15) LDeclaraciones : "var" _ Declaracion
  16) LDeclaraciones : "var" _ Declaracion LDeclaraciones

  "id"          shift, and go to state 79

  Declaracion   go to state 77
  Argumentos    go to state 78

state 43

   4) Instruccion : "begin" Instrucciones _ "end"
  14) Instrucciones : Instrucciones _ Instruccion

  "("           shift, and go to state 20
  "["           shift, and go to state 21
  "-"           shift, and go to state 19
  "not"         shift, and go to state 17
  "#"           shift, and go to state 16
  "$"           shift, and go to state 18
  "with"        shift, and go to state 4
  "true"        shift, and go to state 12
  "false"       shift, and go to state 13
  "begin"       shift, and go to state 5
  "end"         shift, and go to state 80
  "while"       shift, and go to state 10
  "if"          shift, and go to state 8
  "caracter"    shift, and go to state 14
  "read"        shift, and go to state 6
  "print"       shift, and go to state 7
  "for"         shift, and go to state 9
  "num"         shift, and go to state 11
  "id"          shift, and go to state 15

  Expresion     go to state 3
  Instruccion   go to state 81

state 44

  13) Instrucciones : Instruccion _

  $default      reduce using rule 13 (Instrucciones)


state 45

   5) Instruccion : "read" Expresion _ ";"
  32) Expresion : Expresion _ "%" Expresion
  35) Expresion : Expresion _ "::" Expresion
  36) Expresion : Expresion _ "*" Expresion
  37) Expresion : Expresion _ "+" Expresion
  38) Expresion : Expresion _ "-" Expresion
  39) Expresion : Expresion _ "\\/" Expresion
  40) Expresion : Expresion _ "/=" Expresion
  41) Expresion : Expresion _ "<" Expresion
  42) Expresion : Expresion _ "<=" Expresion
  43) Expresion : Expresion _ "=" Expresion
  44) Expresion : Expresion _ "." Expresion
  45) Expresion : Expresion _ ">" Expresion
  46) Expresion : Expresion _ ">=" Expresion
  47) Expresion : Expresion _ "\\/\\" Expresion
  48) Expresion : Expresion _ "\\\\/" Expresion
  54) Expresion : Expresion _ "[" Expresion "]"

  "."           shift, and go to state 35
  ";"           shift, and go to state 82
  "["           shift, and go to state 40
  "+"           shift, and go to state 28
  "-"           shift, and go to state 29
  "*"           shift, and go to state 27
  "\\/"         shift, and go to state 30
  "%"           shift, and go to state 25
  "\\/\\"       shift, and go to state 38
  "\\\\/"       shift, and go to state 39
  "/="          shift, and go to state 31
  "<"           shift, and go to state 32
  "<="          shift, and go to state 33
  ">"           shift, and go to state 36
  ">="          shift, and go to state 37
  "="           shift, and go to state 34
  "::"          shift, and go to state 26


state 46

   6) Instruccion : "print" Expresion _ ";"
  32) Expresion : Expresion _ "%" Expresion
  35) Expresion : Expresion _ "::" Expresion
  36) Expresion : Expresion _ "*" Expresion
  37) Expresion : Expresion _ "+" Expresion
  38) Expresion : Expresion _ "-" Expresion
  39) Expresion : Expresion _ "\\/" Expresion
  40) Expresion : Expresion _ "/=" Expresion
  41) Expresion : Expresion _ "<" Expresion
  42) Expresion : Expresion _ "<=" Expresion
  43) Expresion : Expresion _ "=" Expresion
  44) Expresion : Expresion _ "." Expresion
  45) Expresion : Expresion _ ">" Expresion
  46) Expresion : Expresion _ ">=" Expresion
  47) Expresion : Expresion _ "\\/\\" Expresion
  48) Expresion : Expresion _ "\\\\/" Expresion
  54) Expresion : Expresion _ "[" Expresion "]"

  "."           shift, and go to state 35
  ";"           shift, and go to state 83
  "["           shift, and go to state 40
  "+"           shift, and go to state 28
  "-"           shift, and go to state 29
  "*"           shift, and go to state 27
  "\\/"         shift, and go to state 30
  "%"           shift, and go to state 25
  "\\/\\"       shift, and go to state 38
  "\\\\/"       shift, and go to state 39
  "/="          shift, and go to state 31
  "<"           shift, and go to state 32
  "<="          shift, and go to state 33
  ">"           shift, and go to state 36
  ">="          shift, and go to state 37
  "="           shift, and go to state 34
  "::"          shift, and go to state 26


state 47

   7) Instruccion : "if" Expresion _ "->" Instrucciones "otherwise" "->" Instrucciones "end"
   8) Instruccion : "if" Expresion _ "->" Instrucciones "end"
  32) Expresion : Expresion _ "%" Expresion
  35) Expresion : Expresion _ "::" Expresion
  36) Expresion : Expresion _ "*" Expresion
  37) Expresion : Expresion _ "+" Expresion
  38) Expresion : Expresion _ "-" Expresion
  39) Expresion : Expresion _ "\\/" Expresion
  40) Expresion : Expresion _ "/=" Expresion
  41) Expresion : Expresion _ "<" Expresion
  42) Expresion : Expresion _ "<=" Expresion
  43) Expresion : Expresion _ "=" Expresion
  44) Expresion : Expresion _ "." Expresion
  45) Expresion : Expresion _ ">" Expresion
  46) Expresion : Expresion _ ">=" Expresion
  47) Expresion : Expresion _ "\\/\\" Expresion
  48) Expresion : Expresion _ "\\\\/" Expresion
  54) Expresion : Expresion _ "[" Expresion "]"

  "."           shift, and go to state 35
  "["           shift, and go to state 40
  "->"          shift, and go to state 84
  "+"           shift, and go to state 28
  "-"           shift, and go to state 29
  "*"           shift, and go to state 27
  "\\/"         shift, and go to state 30
  "%"           shift, and go to state 25
  "\\/\\"       shift, and go to state 38
  "\\\\/"       shift, and go to state 39
  "/="          shift, and go to state 31
  "<"           shift, and go to state 32
  "<="          shift, and go to state 33
  ">"           shift, and go to state 36
  ">="          shift, and go to state 37
  "="           shift, and go to state 34
  "::"          shift, and go to state 26


state 48

   9) Instruccion : "for" Expresion _ "from" Expresion "to" Expresion "[" "step" Expresion "]" "->" Instrucciones "end"
  10) Instruccion : "for" Expresion _ "from" Expresion "to" Expresion "->" Instrucciones "end"
  32) Expresion : Expresion _ "%" Expresion
  35) Expresion : Expresion _ "::" Expresion
  36) Expresion : Expresion _ "*" Expresion
  37) Expresion : Expresion _ "+" Expresion
  38) Expresion : Expresion _ "-" Expresion
  39) Expresion : Expresion _ "\\/" Expresion
  40) Expresion : Expresion _ "/=" Expresion
  41) Expresion : Expresion _ "<" Expresion
  42) Expresion : Expresion _ "<=" Expresion
  43) Expresion : Expresion _ "=" Expresion
  44) Expresion : Expresion _ "." Expresion
  45) Expresion : Expresion _ ">" Expresion
  46) Expresion : Expresion _ ">=" Expresion
  47) Expresion : Expresion _ "\\/\\" Expresion
  48) Expresion : Expresion _ "\\\\/" Expresion
  54) Expresion : Expresion _ "[" Expresion "]"

  "."           shift, and go to state 35
  "["           shift, and go to state 40
  "+"           shift, and go to state 28
  "-"           shift, and go to state 29
  "*"           shift, and go to state 27
  "\\/"         shift, and go to state 30
  "%"           shift, and go to state 25
  "\\/\\"       shift, and go to state 38
  "\\\\/"       shift, and go to state 39
  "/="          shift, and go to state 31
  "<"           shift, and go to state 32
  "<="          shift, and go to state 33
  ">"           shift, and go to state 36
  ">="          shift, and go to state 37
  "="           shift, and go to state 34
  "::"          shift, and go to state 26
  "from"        shift, and go to state 85


state 49

  11) Instruccion : "while" Expresion _ "->" Instrucciones "end"
  32) Expresion : Expresion _ "%" Expresion
  35) Expresion : Expresion _ "::" Expresion
  36) Expresion : Expresion _ "*" Expresion
  37) Expresion : Expresion _ "+" Expresion
  38) Expresion : Expresion _ "-" Expresion
  39) Expresion : Expresion _ "\\/" Expresion
  40) Expresion : Expresion _ "/=" Expresion
  41) Expresion : Expresion _ "<" Expresion
  42) Expresion : Expresion _ "<=" Expresion
  43) Expresion : Expresion _ "=" Expresion
  44) Expresion : Expresion _ "." Expresion
  45) Expresion : Expresion _ ">" Expresion
  46) Expresion : Expresion _ ">=" Expresion
  47) Expresion : Expresion _ "\\/\\" Expresion
  48) Expresion : Expresion _ "\\\\/" Expresion
  54) Expresion : Expresion _ "[" Expresion "]"

  "."           shift, and go to state 35
  "["           shift, and go to state 40
  "->"          shift, and go to state 86
  "+"           shift, and go to state 28
  "-"           shift, and go to state 29
  "*"           shift, and go to state 27
  "\\/"         shift, and go to state 30
  "%"           shift, and go to state 25
  "\\/\\"       shift, and go to state 38
  "\\\\/"       shift, and go to state 39
  "/="          shift, and go to state 31
  "<"           shift, and go to state 32
  "<="          shift, and go to state 33
  ">"           shift, and go to state 36
  ">="          shift, and go to state 37
  "="           shift, and go to state 34
  "::"          shift, and go to state 26


state 50

  33) Expresion : "caracter" "++" _

  $default      reduce using rule 33 (Expresion)


state 51

  34) Expresion : "caracter" "--" _

  $default      reduce using rule 34 (Expresion)


state 52

  31) Expresion : "#" "caracter" _

  $default      reduce using rule 31 (Expresion)


state 53

  32) Expresion : Expresion _ "%" Expresion
  35) Expresion : Expresion _ "::" Expresion
  36) Expresion : Expresion _ "*" Expresion
  37) Expresion : Expresion _ "+" Expresion
  38) Expresion : Expresion _ "-" Expresion
  39) Expresion : Expresion _ "\\/" Expresion
  40) Expresion : Expresion _ "/=" Expresion
  41) Expresion : Expresion _ "<" Expresion
  42) Expresion : Expresion _ "<=" Expresion
  43) Expresion : Expresion _ "=" Expresion
  44) Expresion : Expresion _ "." Expresion
  45) Expresion : Expresion _ ">" Expresion
  46) Expresion : Expresion _ ">=" Expresion
  47) Expresion : Expresion _ "\\/\\" Expresion
  48) Expresion : Expresion _ "\\\\/" Expresion
  49) Expresion : "not" Expresion _
  54) Expresion : Expresion _ "[" Expresion "]"

  "."           shift, and go to state 35
  "+"           shift, and go to state 28
  "-"           shift, and go to state 29
  "*"           shift, and go to state 27
  "\\/"         shift, and go to state 30
  "%"           shift, and go to state 25
  $default      reduce using rule 49 (Expresion)


state 54

  32) Expresion : Expresion _ "%" Expresion
  35) Expresion : Expresion _ "::" Expresion
  36) Expresion : Expresion _ "*" Expresion
  37) Expresion : Expresion _ "+" Expresion
  38) Expresion : Expresion _ "-" Expresion
  39) Expresion : Expresion _ "\\/" Expresion
  40) Expresion : Expresion _ "/=" Expresion
  41) Expresion : Expresion _ "<" Expresion
  42) Expresion : Expresion _ "<=" Expresion
  43) Expresion : Expresion _ "=" Expresion
  44) Expresion : Expresion _ "." Expresion
  45) Expresion : Expresion _ ">" Expresion
  46) Expresion : Expresion _ ">=" Expresion
  47) Expresion : Expresion _ "\\/\\" Expresion
  48) Expresion : Expresion _ "\\\\/" Expresion
  50) Expresion : "$" Expresion _
  54) Expresion : Expresion _ "[" Expresion "]"

  "."           shift, and go to state 35
  "["           shift, and go to state 40
  "+"           shift, and go to state 28
  "-"           shift, and go to state 29
  "*"           shift, and go to state 27
  "\\/"         shift, and go to state 30
  "%"           shift, and go to state 25
  "\\/\\"       shift, and go to state 38
  "\\\\/"       shift, and go to state 39
  "/="          shift, and go to state 31
  "<"           shift, and go to state 32
  "<="          shift, and go to state 33
  ">"           shift, and go to state 36
  ">="          shift, and go to state 37
  "="           shift, and go to state 34
  $default      reduce using rule 50 (Expresion)


state 55

  32) Expresion : Expresion _ "%" Expresion
  35) Expresion : Expresion _ "::" Expresion
  36) Expresion : Expresion _ "*" Expresion
  37) Expresion : Expresion _ "+" Expresion
  38) Expresion : Expresion _ "-" Expresion
  39) Expresion : Expresion _ "\\/" Expresion
  40) Expresion : Expresion _ "/=" Expresion
  41) Expresion : Expresion _ "<" Expresion
  42) Expresion : Expresion _ "<=" Expresion
  43) Expresion : Expresion _ "=" Expresion
  44) Expresion : Expresion _ "." Expresion
  45) Expresion : Expresion _ ">" Expresion
  46) Expresion : Expresion _ ">=" Expresion
  47) Expresion : Expresion _ "\\/\\" Expresion
  48) Expresion : Expresion _ "\\\\/" Expresion
  51) Expresion : "-" Expresion _
  54) Expresion : Expresion _ "[" Expresion "]"

  $default      reduce using rule 51 (Expresion)


state 56

  32) Expresion : Expresion _ "%" Expresion
  35) Expresion : Expresion _ "::" Expresion
  36) Expresion : Expresion _ "*" Expresion
  37) Expresion : Expresion _ "+" Expresion
  38) Expresion : Expresion _ "-" Expresion
  39) Expresion : Expresion _ "\\/" Expresion
  40) Expresion : Expresion _ "/=" Expresion
  41) Expresion : Expresion _ "<" Expresion
  42) Expresion : Expresion _ "<=" Expresion
  43) Expresion : Expresion _ "=" Expresion
  44) Expresion : Expresion _ "." Expresion
  45) Expresion : Expresion _ ">" Expresion
  46) Expresion : Expresion _ ">=" Expresion
  47) Expresion : Expresion _ "\\/\\" Expresion
  48) Expresion : Expresion _ "\\\\/" Expresion
  52) Expresion : "(" Expresion _ ")"
  54) Expresion : Expresion _ "[" Expresion "]"

  "."           shift, and go to state 35
  ")"           shift, and go to state 87
  "["           shift, and go to state 40
  "+"           shift, and go to state 28
  "-"           shift, and go to state 29
  "*"           shift, and go to state 27
  "\\/"         shift, and go to state 30
  "%"           shift, and go to state 25
  "\\/\\"       shift, and go to state 38
  "\\\\/"       shift, and go to state 39
  "/="          shift, and go to state 31
  "<"           shift, and go to state 32
  "<="          shift, and go to state 33
  ">"           shift, and go to state 36
  ">="          shift, and go to state 37
  "="           shift, and go to state 34
  "::"          shift, and go to state 26


state 57

  32) Expresion : Expresion _ "%" Expresion
  35) Expresion : Expresion _ "::" Expresion
  36) Expresion : Expresion _ "*" Expresion
  37) Expresion : Expresion _ "+" Expresion
  38) Expresion : Expresion _ "-" Expresion
  39) Expresion : Expresion _ "\\/" Expresion
  40) Expresion : Expresion _ "/=" Expresion
  41) Expresion : Expresion _ "<" Expresion
  42) Expresion : Expresion _ "<=" Expresion
  43) Expresion : Expresion _ "=" Expresion
  44) Expresion : Expresion _ "." Expresion
  45) Expresion : Expresion _ ">" Expresion
  46) Expresion : Expresion _ ">=" Expresion
  47) Expresion : Expresion _ "\\/\\" Expresion
  48) Expresion : Expresion _ "\\\\/" Expresion
  53) Expresion : "[" Expresion _ "]"
  54) Expresion : Expresion _ "[" Expresion "]"

  "."           shift, and go to state 35
  "["           shift, and go to state 40
  "]"           shift, and go to state 88
  "+"           shift, and go to state 28
  "-"           shift, and go to state 29
  "*"           shift, and go to state 27
  "\\/"         shift, and go to state 30
  "%"           shift, and go to state 25
  "\\/\\"       shift, and go to state 38
  "\\\\/"       shift, and go to state 39
  "/="          shift, and go to state 31
  "<"           shift, and go to state 32
  "<="          shift, and go to state 33
  ">"           shift, and go to state 36
  ">="          shift, and go to state 37
  "="           shift, and go to state 34
  "::"          shift, and go to state 26


state 58


  $default      accept


state 59

   2) Instruccion : Expresion "<-" Expresion _ ";"
  32) Expresion : Expresion _ "%" Expresion
  35) Expresion : Expresion _ "::" Expresion
  36) Expresion : Expresion _ "*" Expresion
  37) Expresion : Expresion _ "+" Expresion
  38) Expresion : Expresion _ "-" Expresion
  39) Expresion : Expresion _ "\\/" Expresion
  40) Expresion : Expresion _ "/=" Expresion
  41) Expresion : Expresion _ "<" Expresion
  42) Expresion : Expresion _ "<=" Expresion
  43) Expresion : Expresion _ "=" Expresion
  44) Expresion : Expresion _ "." Expresion
  45) Expresion : Expresion _ ">" Expresion
  46) Expresion : Expresion _ ">=" Expresion
  47) Expresion : Expresion _ "\\/\\" Expresion
  48) Expresion : Expresion _ "\\\\/" Expresion
  54) Expresion : Expresion _ "[" Expresion "]"

  "."           shift, and go to state 35
  ";"           shift, and go to state 89
  "["           shift, and go to state 40
  "+"           shift, and go to state 28
  "-"           shift, and go to state 29
  "*"           shift, and go to state 27
  "\\/"         shift, and go to state 30
  "%"           shift, and go to state 25
  "\\/\\"       shift, and go to state 38
  "\\\\/"       shift, and go to state 39
  "/="          shift, and go to state 31
  "<"           shift, and go to state 32
  "<="          shift, and go to state 33
  ">"           shift, and go to state 36
  ">="          shift, and go to state 37
  "="           shift, and go to state 34
  "::"          shift, and go to state 26


state 60

  32) Expresion : Expresion _ "%" Expresion
  32) Expresion : Expresion "%" Expresion _
  35) Expresion : Expresion _ "::" Expresion
  36) Expresion : Expresion _ "*" Expresion
  37) Expresion : Expresion _ "+" Expresion
  38) Expresion : Expresion _ "-" Expresion
  39) Expresion : Expresion _ "\\/" Expresion
  40) Expresion : Expresion _ "/=" Expresion
  41) Expresion : Expresion _ "<" Expresion
  42) Expresion : Expresion _ "<=" Expresion
  43) Expresion : Expresion _ "=" Expresion
  44) Expresion : Expresion _ "." Expresion
  45) Expresion : Expresion _ ">" Expresion
  46) Expresion : Expresion _ ">=" Expresion
  47) Expresion : Expresion _ "\\/\\" Expresion
  48) Expresion : Expresion _ "\\\\/" Expresion
  54) Expresion : Expresion _ "[" Expresion "]"

  $default      reduce using rule 32 (Expresion)


state 61

  32) Expresion : Expresion _ "%" Expresion
  35) Expresion : Expresion _ "::" Expresion
  35) Expresion : Expresion "::" Expresion _
  36) Expresion : Expresion _ "*" Expresion
  37) Expresion : Expresion _ "+" Expresion
  38) Expresion : Expresion _ "-" Expresion
  39) Expresion : Expresion _ "\\/" Expresion
  40) Expresion : Expresion _ "/=" Expresion
  41) Expresion : Expresion _ "<" Expresion
  42) Expresion : Expresion _ "<=" Expresion
  43) Expresion : Expresion _ "=" Expresion
  44) Expresion : Expresion _ "." Expresion
  45) Expresion : Expresion _ ">" Expresion
  46) Expresion : Expresion _ ">=" Expresion
  47) Expresion : Expresion _ "\\/\\" Expresion
  48) Expresion : Expresion _ "\\\\/" Expresion
  54) Expresion : Expresion _ "[" Expresion "]"

  "."           shift, and go to state 35
  "["           shift, and go to state 40
  "+"           shift, and go to state 28
  "-"           shift, and go to state 29
  "*"           shift, and go to state 27
  "\\/"         shift, and go to state 30
  "%"           shift, and go to state 25
  "\\/\\"       shift, and go to state 38
  "\\\\/"       shift, and go to state 39
  "/="          shift, and go to state 31
  "<"           shift, and go to state 32
  "<="          shift, and go to state 33
  ">"           shift, and go to state 36
  ">="          shift, and go to state 37
  "="           shift, and go to state 34
  $default      reduce using rule 35 (Expresion)


state 62

  32) Expresion : Expresion _ "%" Expresion
  35) Expresion : Expresion _ "::" Expresion
  36) Expresion : Expresion _ "*" Expresion
  36) Expresion : Expresion "*" Expresion _
  37) Expresion : Expresion _ "+" Expresion
  38) Expresion : Expresion _ "-" Expresion
  39) Expresion : Expresion _ "\\/" Expresion
  40) Expresion : Expresion _ "/=" Expresion
  41) Expresion : Expresion _ "<" Expresion
  42) Expresion : Expresion _ "<=" Expresion
  43) Expresion : Expresion _ "=" Expresion
  44) Expresion : Expresion _ "." Expresion
  45) Expresion : Expresion _ ">" Expresion
  46) Expresion : Expresion _ ">=" Expresion
  47) Expresion : Expresion _ "\\/\\" Expresion
  48) Expresion : Expresion _ "\\\\/" Expresion
  54) Expresion : Expresion _ "[" Expresion "]"

  $default      reduce using rule 36 (Expresion)


state 63

  32) Expresion : Expresion _ "%" Expresion
  35) Expresion : Expresion _ "::" Expresion
  36) Expresion : Expresion _ "*" Expresion
  37) Expresion : Expresion _ "+" Expresion
  37) Expresion : Expresion "+" Expresion _
  38) Expresion : Expresion _ "-" Expresion
  39) Expresion : Expresion _ "\\/" Expresion
  40) Expresion : Expresion _ "/=" Expresion
  41) Expresion : Expresion _ "<" Expresion
  42) Expresion : Expresion _ "<=" Expresion
  43) Expresion : Expresion _ "=" Expresion
  44) Expresion : Expresion _ "." Expresion
  45) Expresion : Expresion _ ">" Expresion
  46) Expresion : Expresion _ ">=" Expresion
  47) Expresion : Expresion _ "\\/\\" Expresion
  48) Expresion : Expresion _ "\\\\/" Expresion
  54) Expresion : Expresion _ "[" Expresion "]"

  "*"           shift, and go to state 27
  "\\/"         shift, and go to state 30
  "%"           shift, and go to state 25
  $default      reduce using rule 37 (Expresion)


state 64

  32) Expresion : Expresion _ "%" Expresion
  35) Expresion : Expresion _ "::" Expresion
  36) Expresion : Expresion _ "*" Expresion
  37) Expresion : Expresion _ "+" Expresion
  38) Expresion : Expresion _ "-" Expresion
  38) Expresion : Expresion "-" Expresion _
  39) Expresion : Expresion _ "\\/" Expresion
  40) Expresion : Expresion _ "/=" Expresion
  41) Expresion : Expresion _ "<" Expresion
  42) Expresion : Expresion _ "<=" Expresion
  43) Expresion : Expresion _ "=" Expresion
  44) Expresion : Expresion _ "." Expresion
  45) Expresion : Expresion _ ">" Expresion
  46) Expresion : Expresion _ ">=" Expresion
  47) Expresion : Expresion _ "\\/\\" Expresion
  48) Expresion : Expresion _ "\\\\/" Expresion
  54) Expresion : Expresion _ "[" Expresion "]"

  "*"           shift, and go to state 27
  "\\/"         shift, and go to state 30
  "%"           shift, and go to state 25
  $default      reduce using rule 38 (Expresion)


state 65

  32) Expresion : Expresion _ "%" Expresion
  35) Expresion : Expresion _ "::" Expresion
  36) Expresion : Expresion _ "*" Expresion
  37) Expresion : Expresion _ "+" Expresion
  38) Expresion : Expresion _ "-" Expresion
  39) Expresion : Expresion _ "\\/" Expresion
  39) Expresion : Expresion "\\/" Expresion _
  40) Expresion : Expresion _ "/=" Expresion
  41) Expresion : Expresion _ "<" Expresion
  42) Expresion : Expresion _ "<=" Expresion
  43) Expresion : Expresion _ "=" Expresion
  44) Expresion : Expresion _ "." Expresion
  45) Expresion : Expresion _ ">" Expresion
  46) Expresion : Expresion _ ">=" Expresion
  47) Expresion : Expresion _ "\\/\\" Expresion
  48) Expresion : Expresion _ "\\\\/" Expresion
  54) Expresion : Expresion _ "[" Expresion "]"

  $default      reduce using rule 39 (Expresion)


state 66

  32) Expresion : Expresion _ "%" Expresion
  35) Expresion : Expresion _ "::" Expresion
  36) Expresion : Expresion _ "*" Expresion
  37) Expresion : Expresion _ "+" Expresion
  38) Expresion : Expresion _ "-" Expresion
  39) Expresion : Expresion _ "\\/" Expresion
  40) Expresion : Expresion _ "/=" Expresion
  40) Expresion : Expresion "/=" Expresion _
  41) Expresion : Expresion _ "<" Expresion
  42) Expresion : Expresion _ "<=" Expresion
  43) Expresion : Expresion _ "=" Expresion
  44) Expresion : Expresion _ "." Expresion
  45) Expresion : Expresion _ ">" Expresion
  46) Expresion : Expresion _ ">=" Expresion
  47) Expresion : Expresion _ "\\/\\" Expresion
  48) Expresion : Expresion _ "\\\\/" Expresion
  54) Expresion : Expresion _ "[" Expresion "]"

  "."           shift, and go to state 35
  "+"           shift, and go to state 28
  "-"           shift, and go to state 29
  "*"           shift, and go to state 27
  "\\/"         shift, and go to state 30
  "%"           shift, and go to state 25
  "\\/\\"       shift, and go to state 38
  "\\\\/"       shift, and go to state 39
  "<"           shift, and go to state 32
  "<="          shift, and go to state 33
  ">"           shift, and go to state 36
  ">="          shift, and go to state 37
  $default      reduce using rule 40 (Expresion)


state 67

  32) Expresion : Expresion _ "%" Expresion
  35) Expresion : Expresion _ "::" Expresion
  36) Expresion : Expresion _ "*" Expresion
  37) Expresion : Expresion _ "+" Expresion
  38) Expresion : Expresion _ "-" Expresion
  39) Expresion : Expresion _ "\\/" Expresion
  40) Expresion : Expresion _ "/=" Expresion
  41) Expresion : Expresion _ "<" Expresion
  41) Expresion : Expresion "<" Expresion _
  42) Expresion : Expresion _ "<=" Expresion
  43) Expresion : Expresion _ "=" Expresion
  44) Expresion : Expresion _ "." Expresion
  45) Expresion : Expresion _ ">" Expresion
  46) Expresion : Expresion _ ">=" Expresion
  47) Expresion : Expresion _ "\\/\\" Expresion
  48) Expresion : Expresion _ "\\\\/" Expresion
  54) Expresion : Expresion _ "[" Expresion "]"

  "."           shift, and go to state 35
  "+"           shift, and go to state 28
  "-"           shift, and go to state 29
  "*"           shift, and go to state 27
  "\\/"         shift, and go to state 30
  "%"           shift, and go to state 25
  "\\/\\"       shift, and go to state 38
  "\\\\/"       shift, and go to state 39
  "<"           error
  "<="          error
  ">"           error
  ">="          error
  $default      reduce using rule 41 (Expresion)


state 68

  32) Expresion : Expresion _ "%" Expresion
  35) Expresion : Expresion _ "::" Expresion
  36) Expresion : Expresion _ "*" Expresion
  37) Expresion : Expresion _ "+" Expresion
  38) Expresion : Expresion _ "-" Expresion
  39) Expresion : Expresion _ "\\/" Expresion
  40) Expresion : Expresion _ "/=" Expresion
  41) Expresion : Expresion _ "<" Expresion
  42) Expresion : Expresion _ "<=" Expresion
  42) Expresion : Expresion "<=" Expresion _
  43) Expresion : Expresion _ "=" Expresion
  44) Expresion : Expresion _ "." Expresion
  45) Expresion : Expresion _ ">" Expresion
  46) Expresion : Expresion _ ">=" Expresion
  47) Expresion : Expresion _ "\\/\\" Expresion
  48) Expresion : Expresion _ "\\\\/" Expresion
  54) Expresion : Expresion _ "[" Expresion "]"

  "."           shift, and go to state 35
  "+"           shift, and go to state 28
  "-"           shift, and go to state 29
  "*"           shift, and go to state 27
  "\\/"         shift, and go to state 30
  "%"           shift, and go to state 25
  "\\/\\"       shift, and go to state 38
  "\\\\/"       shift, and go to state 39
  "<"           error
  "<="          error
  ">"           error
  ">="          error
  $default      reduce using rule 42 (Expresion)


state 69

  32) Expresion : Expresion _ "%" Expresion
  35) Expresion : Expresion _ "::" Expresion
  36) Expresion : Expresion _ "*" Expresion
  37) Expresion : Expresion _ "+" Expresion
  38) Expresion : Expresion _ "-" Expresion
  39) Expresion : Expresion _ "\\/" Expresion
  40) Expresion : Expresion _ "/=" Expresion
  41) Expresion : Expresion _ "<" Expresion
  42) Expresion : Expresion _ "<=" Expresion
  43) Expresion : Expresion _ "=" Expresion
  43) Expresion : Expresion "=" Expresion _
  44) Expresion : Expresion _ "." Expresion
  45) Expresion : Expresion _ ">" Expresion
  46) Expresion : Expresion _ ">=" Expresion
  47) Expresion : Expresion _ "\\/\\" Expresion
  48) Expresion : Expresion _ "\\\\/" Expresion
  54) Expresion : Expresion _ "[" Expresion "]"

  "."           shift, and go to state 35
  "+"           shift, and go to state 28
  "-"           shift, and go to state 29
  "*"           shift, and go to state 27
  "\\/"         shift, and go to state 30
  "%"           shift, and go to state 25
  "\\/\\"       shift, and go to state 38
  "\\\\/"       shift, and go to state 39
  "<"           shift, and go to state 32
  "<="          shift, and go to state 33
  ">"           shift, and go to state 36
  ">="          shift, and go to state 37
  $default      reduce using rule 43 (Expresion)


state 70

  32) Expresion : Expresion _ "%" Expresion
  35) Expresion : Expresion _ "::" Expresion
  36) Expresion : Expresion _ "*" Expresion
  37) Expresion : Expresion _ "+" Expresion
  38) Expresion : Expresion _ "-" Expresion
  39) Expresion : Expresion _ "\\/" Expresion
  40) Expresion : Expresion _ "/=" Expresion
  41) Expresion : Expresion _ "<" Expresion
  42) Expresion : Expresion _ "<=" Expresion
  43) Expresion : Expresion _ "=" Expresion
  44) Expresion : Expresion _ "." Expresion
  44) Expresion : Expresion "." Expresion _
  45) Expresion : Expresion _ ">" Expresion
  46) Expresion : Expresion _ ">=" Expresion
  47) Expresion : Expresion _ "\\/\\" Expresion
  48) Expresion : Expresion _ "\\\\/" Expresion
  54) Expresion : Expresion _ "[" Expresion "]"

  "+"           shift, and go to state 28
  "-"           shift, and go to state 29
  "*"           shift, and go to state 27
  "\\/"         shift, and go to state 30
  "%"           shift, and go to state 25
  $default      reduce using rule 44 (Expresion)


state 71

  32) Expresion : Expresion _ "%" Expresion
  35) Expresion : Expresion _ "::" Expresion
  36) Expresion : Expresion _ "*" Expresion
  37) Expresion : Expresion _ "+" Expresion
  38) Expresion : Expresion _ "-" Expresion
  39) Expresion : Expresion _ "\\/" Expresion
  40) Expresion : Expresion _ "/=" Expresion
  41) Expresion : Expresion _ "<" Expresion
  42) Expresion : Expresion _ "<=" Expresion
  43) Expresion : Expresion _ "=" Expresion
  44) Expresion : Expresion _ "." Expresion
  45) Expresion : Expresion _ ">" Expresion
  45) Expresion : Expresion ">" Expresion _
  46) Expresion : Expresion _ ">=" Expresion
  47) Expresion : Expresion _ "\\/\\" Expresion
  48) Expresion : Expresion _ "\\\\/" Expresion
  54) Expresion : Expresion _ "[" Expresion "]"

  "."           shift, and go to state 35
  "+"           shift, and go to state 28
  "-"           shift, and go to state 29
  "*"           shift, and go to state 27
  "\\/"         shift, and go to state 30
  "%"           shift, and go to state 25
  "\\/\\"       shift, and go to state 38
  "\\\\/"       shift, and go to state 39
  "<"           error
  "<="          error
  ">"           error
  ">="          error
  $default      reduce using rule 45 (Expresion)


state 72

  32) Expresion : Expresion _ "%" Expresion
  35) Expresion : Expresion _ "::" Expresion
  36) Expresion : Expresion _ "*" Expresion
  37) Expresion : Expresion _ "+" Expresion
  38) Expresion : Expresion _ "-" Expresion
  39) Expresion : Expresion _ "\\/" Expresion
  40) Expresion : Expresion _ "/=" Expresion
  41) Expresion : Expresion _ "<" Expresion
  42) Expresion : Expresion _ "<=" Expresion
  43) Expresion : Expresion _ "=" Expresion
  44) Expresion : Expresion _ "." Expresion
  45) Expresion : Expresion _ ">" Expresion
  46) Expresion : Expresion _ ">=" Expresion
  46) Expresion : Expresion ">=" Expresion _
  47) Expresion : Expresion _ "\\/\\" Expresion
  48) Expresion : Expresion _ "\\\\/" Expresion
  54) Expresion : Expresion _ "[" Expresion "]"

  "."           shift, and go to state 35
  "+"           shift, and go to state 28
  "-"           shift, and go to state 29
  "*"           shift, and go to state 27
  "\\/"         shift, and go to state 30
  "%"           shift, and go to state 25
  "\\/\\"       shift, and go to state 38
  "\\\\/"       shift, and go to state 39
  "<"           error
  "<="          error
  ">"           error
  ">="          error
  $default      reduce using rule 46 (Expresion)


state 73

  32) Expresion : Expresion _ "%" Expresion
  35) Expresion : Expresion _ "::" Expresion
  36) Expresion : Expresion _ "*" Expresion
  37) Expresion : Expresion _ "+" Expresion
  38) Expresion : Expresion _ "-" Expresion
  39) Expresion : Expresion _ "\\/" Expresion
  40) Expresion : Expresion _ "/=" Expresion
  41) Expresion : Expresion _ "<" Expresion
  42) Expresion : Expresion _ "<=" Expresion
  43) Expresion : Expresion _ "=" Expresion
  44) Expresion : Expresion _ "." Expresion
  45) Expresion : Expresion _ ">" Expresion
  46) Expresion : Expresion _ ">=" Expresion
  47) Expresion : Expresion _ "\\/\\" Expresion
  47) Expresion : Expresion "\\/\\" Expresion _
  48) Expresion : Expresion _ "\\\\/" Expresion
  54) Expresion : Expresion _ "[" Expresion "]"

  "."           shift, and go to state 35
  "+"           shift, and go to state 28
  "-"           shift, and go to state 29
  "*"           shift, and go to state 27
  "\\/"         shift, and go to state 30
  "%"           shift, and go to state 25
  $default      reduce using rule 47 (Expresion)


state 74

  32) Expresion : Expresion _ "%" Expresion
  35) Expresion : Expresion _ "::" Expresion
  36) Expresion : Expresion _ "*" Expresion
  37) Expresion : Expresion _ "+" Expresion
  38) Expresion : Expresion _ "-" Expresion
  39) Expresion : Expresion _ "\\/" Expresion
  40) Expresion : Expresion _ "/=" Expresion
  41) Expresion : Expresion _ "<" Expresion
  42) Expresion : Expresion _ "<=" Expresion
  43) Expresion : Expresion _ "=" Expresion
  44) Expresion : Expresion _ "." Expresion
  45) Expresion : Expresion _ ">" Expresion
  46) Expresion : Expresion _ ">=" Expresion
  47) Expresion : Expresion _ "\\/\\" Expresion
  48) Expresion : Expresion _ "\\\\/" Expresion
  48) Expresion : Expresion "\\\\/" Expresion _
  54) Expresion : Expresion _ "[" Expresion "]"

  "."           shift, and go to state 35
  "+"           shift, and go to state 28
  "-"           shift, and go to state 29
  "*"           shift, and go to state 27
  "\\/"         shift, and go to state 30
  "%"           shift, and go to state 25
  "\\/\\"       shift, and go to state 38
  $default      reduce using rule 48 (Expresion)


state 75

  32) Expresion : Expresion _ "%" Expresion
  35) Expresion : Expresion _ "::" Expresion
  36) Expresion : Expresion _ "*" Expresion
  37) Expresion : Expresion _ "+" Expresion
  38) Expresion : Expresion _ "-" Expresion
  39) Expresion : Expresion _ "\\/" Expresion
  40) Expresion : Expresion _ "/=" Expresion
  41) Expresion : Expresion _ "<" Expresion
  42) Expresion : Expresion _ "<=" Expresion
  43) Expresion : Expresion _ "=" Expresion
  44) Expresion : Expresion _ "." Expresion
  45) Expresion : Expresion _ ">" Expresion
  46) Expresion : Expresion _ ">=" Expresion
  47) Expresion : Expresion _ "\\/\\" Expresion
  48) Expresion : Expresion _ "\\\\/" Expresion
  54) Expresion : Expresion _ "[" Expresion "]"
  54) Expresion : Expresion "[" Expresion _ "]"

  "."           shift, and go to state 35
  "["           shift, and go to state 40
  "]"           shift, and go to state 90
  "+"           shift, and go to state 28
  "-"           shift, and go to state 29
  "*"           shift, and go to state 27
  "\\/"         shift, and go to state 30
  "%"           shift, and go to state 25
  "\\/\\"       shift, and go to state 38
  "\\\\/"       shift, and go to state 39
  "/="          shift, and go to state 31
  "<"           shift, and go to state 32
  "<="          shift, and go to state 33
  ">"           shift, and go to state 36
  ">="          shift, and go to state 37
  "="           shift, and go to state 34
  "::"          shift, and go to state 26


state 76

   3) Instruccion : "with" LDeclaraciones "begin" _ Instrucciones "end"

  "("           shift, and go to state 20
  "["           shift, and go to state 21
  "-"           shift, and go to state 19
  "not"         shift, and go to state 17
  "#"           shift, and go to state 16
  "$"           shift, and go to state 18
  "with"        shift, and go to state 4
  "true"        shift, and go to state 12
  "false"       shift, and go to state 13
  "begin"       shift, and go to state 5
  "while"       shift, and go to state 10
  "if"          shift, and go to state 8
  "caracter"    shift, and go to state 14
  "read"        shift, and go to state 6
  "print"       shift, and go to state 7
  "for"         shift, and go to state 9
  "num"         shift, and go to state 11
  "id"          shift, and go to state 15

  Expresion     go to state 3
  Instrucciones  go to state 91
  Instruccion   go to state 44

state 77

  15) LDeclaraciones : "var" Declaracion _
  16) LDeclaraciones : "var" Declaracion _ LDeclaraciones

  "var"         shift, and go to state 42
  $default      reduce using rule 15 (LDeclaraciones)

  LDeclaraciones  go to state 92

state 78

  17) Declaracion : Argumentos _ ":" Tipo

  ":"           shift, and go to state 93


state 79

  18) Argumentos : "id" _ "<-" Expresion
  19) Argumentos : "id" _ "<-" Expresion "," Argumentos
  20) Argumentos : "id" _ "," Argumentos
  21) Argumentos : "id" _

  ","           shift, and go to state 95
  "<-"          shift, and go to state 94
  $default      reduce using rule 21 (Argumentos)


state 80

   4) Instruccion : "begin" Instrucciones "end" _

  $default      reduce using rule 4 (Instruccion)


state 81

  14) Instrucciones : Instrucciones Instruccion _

  $default      reduce using rule 14 (Instrucciones)


state 82

   5) Instruccion : "read" Expresion ";" _

  $default      reduce using rule 5 (Instruccion)


state 83

   6) Instruccion : "print" Expresion ";" _

  $default      reduce using rule 6 (Instruccion)


state 84

   7) Instruccion : "if" Expresion "->" _ Instrucciones "otherwise" "->" Instrucciones "end"
   8) Instruccion : "if" Expresion "->" _ Instrucciones "end"

  "("           shift, and go to state 20
  "["           shift, and go to state 21
  "-"           shift, and go to state 19
  "not"         shift, and go to state 17
  "#"           shift, and go to state 16
  "$"           shift, and go to state 18
  "with"        shift, and go to state 4
  "true"        shift, and go to state 12
  "false"       shift, and go to state 13
  "begin"       shift, and go to state 5
  "while"       shift, and go to state 10
  "if"          shift, and go to state 8
  "caracter"    shift, and go to state 14
  "read"        shift, and go to state 6
  "print"       shift, and go to state 7
  "for"         shift, and go to state 9
  "num"         shift, and go to state 11
  "id"          shift, and go to state 15

  Expresion     go to state 3
  Instrucciones  go to state 96
  Instruccion   go to state 44

state 85

   9) Instruccion : "for" Expresion "from" _ Expresion "to" Expresion "[" "step" Expresion "]" "->" Instrucciones "end"
  10) Instruccion : "for" Expresion "from" _ Expresion "to" Expresion "->" Instrucciones "end"

  "("           shift, and go to state 20
  "["           shift, and go to state 21
  "-"           shift, and go to state 19
  "not"         shift, and go to state 17
  "#"           shift, and go to state 16
  "$"           shift, and go to state 18
  "true"        shift, and go to state 12
  "false"       shift, and go to state 13
  "caracter"    shift, and go to state 14
  "num"         shift, and go to state 11
  "id"          shift, and go to state 15

  Expresion     go to state 97

state 86

  11) Instruccion : "while" Expresion "->" _ Instrucciones "end"

  "("           shift, and go to state 20
  "["           shift, and go to state 21
  "-"           shift, and go to state 19
  "not"         shift, and go to state 17
  "#"           shift, and go to state 16
  "$"           shift, and go to state 18
  "with"        shift, and go to state 4
  "true"        shift, and go to state 12
  "false"       shift, and go to state 13
  "begin"       shift, and go to state 5
  "while"       shift, and go to state 10
  "if"          shift, and go to state 8
  "caracter"    shift, and go to state 14
  "read"        shift, and go to state 6
  "print"       shift, and go to state 7
  "for"         shift, and go to state 9
  "num"         shift, and go to state 11
  "id"          shift, and go to state 15

  Expresion     go to state 3
  Instrucciones  go to state 98
  Instruccion   go to state 44

state 87

  52) Expresion : "(" Expresion ")" _

  $default      reduce using rule 52 (Expresion)


state 88

  53) Expresion : "[" Expresion "]" _

  $default      reduce using rule 53 (Expresion)


state 89

   2) Instruccion : Expresion "<-" Expresion ";" _

  $default      reduce using rule 2 (Instruccion)


state 90

  54) Expresion : Expresion "[" Expresion "]" _

  $default      reduce using rule 54 (Expresion)


state 91

   3) Instruccion : "with" LDeclaraciones "begin" Instrucciones _ "end"
  14) Instrucciones : Instrucciones _ Instruccion

  "("           shift, and go to state 20
  "["           shift, and go to state 21
  "-"           shift, and go to state 19
  "not"         shift, and go to state 17
  "#"           shift, and go to state 16
  "$"           shift, and go to state 18
  "with"        shift, and go to state 4
  "true"        shift, and go to state 12
  "false"       shift, and go to state 13
  "begin"       shift, and go to state 5
  "end"         shift, and go to state 99
  "while"       shift, and go to state 10
  "if"          shift, and go to state 8
  "caracter"    shift, and go to state 14
  "read"        shift, and go to state 6
  "print"       shift, and go to state 7
  "for"         shift, and go to state 9
  "num"         shift, and go to state 11
  "id"          shift, and go to state 15

  Expresion     go to state 3
  Instruccion   go to state 81

state 92

  16) LDeclaraciones : "var" Declaracion LDeclaraciones _

  $default      reduce using rule 16 (LDeclaraciones)


state 93

  17) Declaracion : Argumentos ":" _ Tipo

  "int"         shift, and go to state 101
  "char"        shift, and go to state 103
  "bool"        shift, and go to state 102
  "array"       shift, and go to state 104

  Tipo          go to state 100

state 94

  18) Argumentos : "id" "<-" _ Expresion
  19) Argumentos : "id" "<-" _ Expresion "," Argumentos

  "("           shift, and go to state 20
  "["           shift, and go to state 21
  "-"           shift, and go to state 19
  "not"         shift, and go to state 17
  "#"           shift, and go to state 16
  "$"           shift, and go to state 18
  "true"        shift, and go to state 12
  "false"       shift, and go to state 13
  "caracter"    shift, and go to state 14
  "num"         shift, and go to state 11
  "id"          shift, and go to state 15

  Expresion     go to state 105

state 95

  20) Argumentos : "id" "," _ Argumentos

  "id"          shift, and go to state 79

  Argumentos    go to state 106

state 96

   7) Instruccion : "if" Expresion "->" Instrucciones _ "otherwise" "->" Instrucciones "end"
   8) Instruccion : "if" Expresion "->" Instrucciones _ "end"
  14) Instrucciones : Instrucciones _ Instruccion

  "("           shift, and go to state 20
  "["           shift, and go to state 21
  "-"           shift, and go to state 19
  "not"         shift, and go to state 17
  "#"           shift, and go to state 16
  "$"           shift, and go to state 18
  "with"        shift, and go to state 4
  "true"        shift, and go to state 12
  "false"       shift, and go to state 13
  "begin"       shift, and go to state 5
  "end"         shift, and go to state 108
  "while"       shift, and go to state 10
  "if"          shift, and go to state 8
  "otherwise"   shift, and go to state 107
  "caracter"    shift, and go to state 14
  "read"        shift, and go to state 6
  "print"       shift, and go to state 7
  "for"         shift, and go to state 9
  "num"         shift, and go to state 11
  "id"          shift, and go to state 15

  Expresion     go to state 3
  Instruccion   go to state 81

state 97

   9) Instruccion : "for" Expresion "from" Expresion _ "to" Expresion "[" "step" Expresion "]" "->" Instrucciones "end"
  10) Instruccion : "for" Expresion "from" Expresion _ "to" Expresion "->" Instrucciones "end"
  32) Expresion : Expresion _ "%" Expresion
  35) Expresion : Expresion _ "::" Expresion
  36) Expresion : Expresion _ "*" Expresion
  37) Expresion : Expresion _ "+" Expresion
  38) Expresion : Expresion _ "-" Expresion
  39) Expresion : Expresion _ "\\/" Expresion
  40) Expresion : Expresion _ "/=" Expresion
  41) Expresion : Expresion _ "<" Expresion
  42) Expresion : Expresion _ "<=" Expresion
  43) Expresion : Expresion _ "=" Expresion
  44) Expresion : Expresion _ "." Expresion
  45) Expresion : Expresion _ ">" Expresion
  46) Expresion : Expresion _ ">=" Expresion
  47) Expresion : Expresion _ "\\/\\" Expresion
  48) Expresion : Expresion _ "\\\\/" Expresion
  54) Expresion : Expresion _ "[" Expresion "]"

  "."           shift, and go to state 35
  "["           shift, and go to state 40
  "+"           shift, and go to state 28
  "-"           shift, and go to state 29
  "*"           shift, and go to state 27
  "\\/"         shift, and go to state 30
  "%"           shift, and go to state 25
  "\\/\\"       shift, and go to state 38
  "\\\\/"       shift, and go to state 39
  "/="          shift, and go to state 31
  "<"           shift, and go to state 32
  "<="          shift, and go to state 33
  ">"           shift, and go to state 36
  ">="          shift, and go to state 37
  "="           shift, and go to state 34
  "::"          shift, and go to state 26
  "to"          shift, and go to state 109


state 98

  11) Instruccion : "while" Expresion "->" Instrucciones _ "end"
  14) Instrucciones : Instrucciones _ Instruccion

  "("           shift, and go to state 20
  "["           shift, and go to state 21
  "-"           shift, and go to state 19
  "not"         shift, and go to state 17
  "#"           shift, and go to state 16
  "$"           shift, and go to state 18
  "with"        shift, and go to state 4
  "true"        shift, and go to state 12
  "false"       shift, and go to state 13
  "begin"       shift, and go to state 5
  "end"         shift, and go to state 110
  "while"       shift, and go to state 10
  "if"          shift, and go to state 8
  "caracter"    shift, and go to state 14
  "read"        shift, and go to state 6
  "print"       shift, and go to state 7
  "for"         shift, and go to state 9
  "num"         shift, and go to state 11
  "id"          shift, and go to state 15

  Expresion     go to state 3
  Instruccion   go to state 81

state 99

   3) Instruccion : "with" LDeclaraciones "begin" Instrucciones "end" _

  $default      reduce using rule 3 (Instruccion)


state 100

  17) Declaracion : Argumentos ":" Tipo _

  $default      reduce using rule 17 (Declaracion)


state 101

  22) Tipo : "int" _

  $default      reduce using rule 22 (Tipo)


state 102

  23) Tipo : "bool" _

  $default      reduce using rule 23 (Tipo)


state 103

  24) Tipo : "char" _

  $default      reduce using rule 24 (Tipo)


state 104

  25) Tipo : "array" _ "[" Expresion "]" "of" Tipo

  "["           shift, and go to state 111


state 105

  18) Argumentos : "id" "<-" Expresion _
  19) Argumentos : "id" "<-" Expresion _ "," Argumentos
  32) Expresion : Expresion _ "%" Expresion
  35) Expresion : Expresion _ "::" Expresion
  36) Expresion : Expresion _ "*" Expresion
  37) Expresion : Expresion _ "+" Expresion
  38) Expresion : Expresion _ "-" Expresion
  39) Expresion : Expresion _ "\\/" Expresion
  40) Expresion : Expresion _ "/=" Expresion
  41) Expresion : Expresion _ "<" Expresion
  42) Expresion : Expresion _ "<=" Expresion
  43) Expresion : Expresion _ "=" Expresion
  44) Expresion : Expresion _ "." Expresion
  45) Expresion : Expresion _ ">" Expresion
  46) Expresion : Expresion _ ">=" Expresion
  47) Expresion : Expresion _ "\\/\\" Expresion
  48) Expresion : Expresion _ "\\\\/" Expresion
  54) Expresion : Expresion _ "[" Expresion "]"

  ","           shift, and go to state 112
  "."           shift, and go to state 35
  "["           shift, and go to state 40
  "+"           shift, and go to state 28
  "-"           shift, and go to state 29
  "*"           shift, and go to state 27
  "\\/"         shift, and go to state 30
  "%"           shift, and go to state 25
  "\\/\\"       shift, and go to state 38
  "\\\\/"       shift, and go to state 39
  "/="          shift, and go to state 31
  "<"           shift, and go to state 32
  "<="          shift, and go to state 33
  ">"           shift, and go to state 36
  ">="          shift, and go to state 37
  "="           shift, and go to state 34
  "::"          shift, and go to state 26
  $default      reduce using rule 18 (Argumentos)


state 106

  20) Argumentos : "id" "," Argumentos _

  $default      reduce using rule 20 (Argumentos)


state 107

   7) Instruccion : "if" Expresion "->" Instrucciones "otherwise" _ "->" Instrucciones "end"

  "->"          shift, and go to state 113


state 108

   8) Instruccion : "if" Expresion "->" Instrucciones "end" _

  $default      reduce using rule 8 (Instruccion)


state 109

   9) Instruccion : "for" Expresion "from" Expresion "to" _ Expresion "[" "step" Expresion "]" "->" Instrucciones "end"
  10) Instruccion : "for" Expresion "from" Expresion "to" _ Expresion "->" Instrucciones "end"

  "("           shift, and go to state 20
  "["           shift, and go to state 21
  "-"           shift, and go to state 19
  "not"         shift, and go to state 17
  "#"           shift, and go to state 16
  "$"           shift, and go to state 18
  "true"        shift, and go to state 12
  "false"       shift, and go to state 13
  "caracter"    shift, and go to state 14
  "num"         shift, and go to state 11
  "id"          shift, and go to state 15

  Expresion     go to state 114

state 110

  11) Instruccion : "while" Expresion "->" Instrucciones "end" _

  $default      reduce using rule 11 (Instruccion)


state 111

  25) Tipo : "array" "[" _ Expresion "]" "of" Tipo

  "("           shift, and go to state 20
  "["           shift, and go to state 21
  "-"           shift, and go to state 19
  "not"         shift, and go to state 17
  "#"           shift, and go to state 16
  "$"           shift, and go to state 18
  "true"        shift, and go to state 12
  "false"       shift, and go to state 13
  "caracter"    shift, and go to state 14
  "num"         shift, and go to state 11
  "id"          shift, and go to state 15

  Expresion     go to state 115

state 112

  19) Argumentos : "id" "<-" Expresion "," _ Argumentos

  "id"          shift, and go to state 79

  Argumentos    go to state 116

state 113

   7) Instruccion : "if" Expresion "->" Instrucciones "otherwise" "->" _ Instrucciones "end"

  "("           shift, and go to state 20
  "["           shift, and go to state 21
  "-"           shift, and go to state 19
  "not"         shift, and go to state 17
  "#"           shift, and go to state 16
  "$"           shift, and go to state 18
  "with"        shift, and go to state 4
  "true"        shift, and go to state 12
  "false"       shift, and go to state 13
  "begin"       shift, and go to state 5
  "while"       shift, and go to state 10
  "if"          shift, and go to state 8
  "caracter"    shift, and go to state 14
  "read"        shift, and go to state 6
  "print"       shift, and go to state 7
  "for"         shift, and go to state 9
  "num"         shift, and go to state 11
  "id"          shift, and go to state 15

  Expresion     go to state 3
  Instrucciones  go to state 117
  Instruccion   go to state 44

state 114

   9) Instruccion : "for" Expresion "from" Expresion "to" Expresion _ "[" "step" Expresion "]" "->" Instrucciones "end"
  10) Instruccion : "for" Expresion "from" Expresion "to" Expresion _ "->" Instrucciones "end"
  32) Expresion : Expresion _ "%" Expresion
  35) Expresion : Expresion _ "::" Expresion
  36) Expresion : Expresion _ "*" Expresion
  37) Expresion : Expresion _ "+" Expresion
  38) Expresion : Expresion _ "-" Expresion
  39) Expresion : Expresion _ "\\/" Expresion
  40) Expresion : Expresion _ "/=" Expresion
  41) Expresion : Expresion _ "<" Expresion
  42) Expresion : Expresion _ "<=" Expresion
  43) Expresion : Expresion _ "=" Expresion
  44) Expresion : Expresion _ "." Expresion
  45) Expresion : Expresion _ ">" Expresion
  46) Expresion : Expresion _ ">=" Expresion
  47) Expresion : Expresion _ "\\/\\" Expresion
  48) Expresion : Expresion _ "\\\\/" Expresion
  54) Expresion : Expresion _ "[" Expresion "]"

  "."           shift, and go to state 35
  "["           shift, and go to state 118
  "->"          shift, and go to state 119
  "+"           shift, and go to state 28
  "-"           shift, and go to state 29
  "*"           shift, and go to state 27
  "\\/"         shift, and go to state 30
  "%"           shift, and go to state 25
  "\\/\\"       shift, and go to state 38
  "\\\\/"       shift, and go to state 39
  "/="          shift, and go to state 31
  "<"           shift, and go to state 32
  "<="          shift, and go to state 33
  ">"           shift, and go to state 36
  ">="          shift, and go to state 37
  "="           shift, and go to state 34
  "::"          shift, and go to state 26


state 115

  25) Tipo : "array" "[" Expresion _ "]" "of" Tipo
  32) Expresion : Expresion _ "%" Expresion
  35) Expresion : Expresion _ "::" Expresion
  36) Expresion : Expresion _ "*" Expresion
  37) Expresion : Expresion _ "+" Expresion
  38) Expresion : Expresion _ "-" Expresion
  39) Expresion : Expresion _ "\\/" Expresion
  40) Expresion : Expresion _ "/=" Expresion
  41) Expresion : Expresion _ "<" Expresion
  42) Expresion : Expresion _ "<=" Expresion
  43) Expresion : Expresion _ "=" Expresion
  44) Expresion : Expresion _ "." Expresion
  45) Expresion : Expresion _ ">" Expresion
  46) Expresion : Expresion _ ">=" Expresion
  47) Expresion : Expresion _ "\\/\\" Expresion
  48) Expresion : Expresion _ "\\\\/" Expresion
  54) Expresion : Expresion _ "[" Expresion "]"

  "."           shift, and go to state 35
  "["           shift, and go to state 40
  "]"           shift, and go to state 120
  "+"           shift, and go to state 28
  "-"           shift, and go to state 29
  "*"           shift, and go to state 27
  "\\/"         shift, and go to state 30
  "%"           shift, and go to state 25
  "\\/\\"       shift, and go to state 38
  "\\\\/"       shift, and go to state 39
  "/="          shift, and go to state 31
  "<"           shift, and go to state 32
  "<="          shift, and go to state 33
  ">"           shift, and go to state 36
  ">="          shift, and go to state 37
  "="           shift, and go to state 34
  "::"          shift, and go to state 26


state 116

  19) Argumentos : "id" "<-" Expresion "," Argumentos _

  $default      reduce using rule 19 (Argumentos)


state 117

   7) Instruccion : "if" Expresion "->" Instrucciones "otherwise" "->" Instrucciones _ "end"
  14) Instrucciones : Instrucciones _ Instruccion

  "("           shift, and go to state 20
  "["           shift, and go to state 21
  "-"           shift, and go to state 19
  "not"         shift, and go to state 17
  "#"           shift, and go to state 16
  "$"           shift, and go to state 18
  "with"        shift, and go to state 4
  "true"        shift, and go to state 12
  "false"       shift, and go to state 13
  "begin"       shift, and go to state 5
  "end"         shift, and go to state 121
  "while"       shift, and go to state 10
  "if"          shift, and go to state 8
  "caracter"    shift, and go to state 14
  "read"        shift, and go to state 6
  "print"       shift, and go to state 7
  "for"         shift, and go to state 9
  "num"         shift, and go to state 11
  "id"          shift, and go to state 15

  Expresion     go to state 3
  Instruccion   go to state 81

state 118

   9) Instruccion : "for" Expresion "from" Expresion "to" Expresion "[" _ "step" Expresion "]" "->" Instrucciones "end"
  54) Expresion : Expresion "[" _ Expresion "]"

  "("           shift, and go to state 20
  "["           shift, and go to state 21
  "-"           shift, and go to state 19
  "not"         shift, and go to state 17
  "#"           shift, and go to state 16
  "$"           shift, and go to state 18
  "true"        shift, and go to state 12
  "false"       shift, and go to state 13
  "caracter"    shift, and go to state 14
  "step"        shift, and go to state 122
  "num"         shift, and go to state 11
  "id"          shift, and go to state 15

  Expresion     go to state 75

state 119

  10) Instruccion : "for" Expresion "from" Expresion "to" Expresion "->" _ Instrucciones "end"

  "("           shift, and go to state 20
  "["           shift, and go to state 21
  "-"           shift, and go to state 19
  "not"         shift, and go to state 17
  "#"           shift, and go to state 16
  "$"           shift, and go to state 18
  "with"        shift, and go to state 4
  "true"        shift, and go to state 12
  "false"       shift, and go to state 13
  "begin"       shift, and go to state 5
  "while"       shift, and go to state 10
  "if"          shift, and go to state 8
  "caracter"    shift, and go to state 14
  "read"        shift, and go to state 6
  "print"       shift, and go to state 7
  "for"         shift, and go to state 9
  "num"         shift, and go to state 11
  "id"          shift, and go to state 15

  Expresion     go to state 3
  Instrucciones  go to state 123
  Instruccion   go to state 44

state 120

  25) Tipo : "array" "[" Expresion "]" _ "of" Tipo

  "of"          shift, and go to state 124


state 121

   7) Instruccion : "if" Expresion "->" Instrucciones "otherwise" "->" Instrucciones "end" _

  $default      reduce using rule 7 (Instruccion)


state 122

   9) Instruccion : "for" Expresion "from" Expresion "to" Expresion "[" "step" _ Expresion "]" "->" Instrucciones "end"

  "("           shift, and go to state 20
  "["           shift, and go to state 21
  "-"           shift, and go to state 19
  "not"         shift, and go to state 17
  "#"           shift, and go to state 16
  "$"           shift, and go to state 18
  "true"        shift, and go to state 12
  "false"       shift, and go to state 13
  "caracter"    shift, and go to state 14
  "num"         shift, and go to state 11
  "id"          shift, and go to state 15

  Expresion     go to state 125

state 123

  10) Instruccion : "for" Expresion "from" Expresion "to" Expresion "->" Instrucciones _ "end"
  14) Instrucciones : Instrucciones _ Instruccion

  "("           shift, and go to state 20
  "["           shift, and go to state 21
  "-"           shift, and go to state 19
  "not"         shift, and go to state 17
  "#"           shift, and go to state 16
  "$"           shift, and go to state 18
  "with"        shift, and go to state 4
  "true"        shift, and go to state 12
  "false"       shift, and go to state 13
  "begin"       shift, and go to state 5
  "end"         shift, and go to state 126
  "while"       shift, and go to state 10
  "if"          shift, and go to state 8
  "caracter"    shift, and go to state 14
  "read"        shift, and go to state 6
  "print"       shift, and go to state 7
  "for"         shift, and go to state 9
  "num"         shift, and go to state 11
  "id"          shift, and go to state 15

  Expresion     go to state 3
  Instruccion   go to state 81

state 124

  25) Tipo : "array" "[" Expresion "]" "of" _ Tipo

  "int"         shift, and go to state 101
  "char"        shift, and go to state 103
  "bool"        shift, and go to state 102
  "array"       shift, and go to state 104

  Tipo          go to state 127

state 125

   9) Instruccion : "for" Expresion "from" Expresion "to" Expresion "[" "step" Expresion _ "]" "->" Instrucciones "end"
  32) Expresion : Expresion _ "%" Expresion
  35) Expresion : Expresion _ "::" Expresion
  36) Expresion : Expresion _ "*" Expresion
  37) Expresion : Expresion _ "+" Expresion
  38) Expresion : Expresion _ "-" Expresion
  39) Expresion : Expresion _ "\\/" Expresion
  40) Expresion : Expresion _ "/=" Expresion
  41) Expresion : Expresion _ "<" Expresion
  42) Expresion : Expresion _ "<=" Expresion
  43) Expresion : Expresion _ "=" Expresion
  44) Expresion : Expresion _ "." Expresion
  45) Expresion : Expresion _ ">" Expresion
  46) Expresion : Expresion _ ">=" Expresion
  47) Expresion : Expresion _ "\\/\\" Expresion
  48) Expresion : Expresion _ "\\\\/" Expresion
  54) Expresion : Expresion _ "[" Expresion "]"

  "."           shift, and go to state 35
  "["           shift, and go to state 40
  "]"           shift, and go to state 128
  "+"           shift, and go to state 28
  "-"           shift, and go to state 29
  "*"           shift, and go to state 27
  "\\/"         shift, and go to state 30
  "%"           shift, and go to state 25
  "\\/\\"       shift, and go to state 38
  "\\\\/"       shift, and go to state 39
  "/="          shift, and go to state 31
  "<"           shift, and go to state 32
  "<="          shift, and go to state 33
  ">"           shift, and go to state 36
  ">="          shift, and go to state 37
  "="           shift, and go to state 34
  "::"          shift, and go to state 26


state 126

  10) Instruccion : "for" Expresion "from" Expresion "to" Expresion "->" Instrucciones "end" _

  $default      reduce using rule 10 (Instruccion)


state 127

  25) Tipo : "array" "[" Expresion "]" "of" Tipo _

  $default      reduce using rule 25 (Tipo)


state 128

   9) Instruccion : "for" Expresion "from" Expresion "to" Expresion "[" "step" Expresion "]" _ "->" Instrucciones "end"

  "->"          shift, and go to state 129


state 129

   9) Instruccion : "for" Expresion "from" Expresion "to" Expresion "[" "step" Expresion "]" "->" _ Instrucciones "end"

  "("           shift, and go to state 20
  "["           shift, and go to state 21
  "-"           shift, and go to state 19
  "not"         shift, and go to state 17
  "#"           shift, and go to state 16
  "$"           shift, and go to state 18
  "with"        shift, and go to state 4
  "true"        shift, and go to state 12
  "false"       shift, and go to state 13
  "begin"       shift, and go to state 5
  "while"       shift, and go to state 10
  "if"          shift, and go to state 8
  "caracter"    shift, and go to state 14
  "read"        shift, and go to state 6
  "print"       shift, and go to state 7
  "for"         shift, and go to state 9
  "num"         shift, and go to state 11
  "id"          shift, and go to state 15

  Expresion     go to state 3
  Instrucciones  go to state 130
  Instruccion   go to state 44

state 130

   9) Instruccion : "for" Expresion "from" Expresion "to" Expresion "[" "step" Expresion "]" "->" Instrucciones _ "end"
  14) Instrucciones : Instrucciones _ Instruccion

  "("           shift, and go to state 20
  "["           shift, and go to state 21
  "-"           shift, and go to state 19
  "not"         shift, and go to state 17
  "#"           shift, and go to state 16
  "$"           shift, and go to state 18
  "with"        shift, and go to state 4
  "true"        shift, and go to state 12
  "false"       shift, and go to state 13
  "begin"       shift, and go to state 5
  "end"         shift, and go to state 131
  "while"       shift, and go to state 10
  "if"          shift, and go to state 8
  "caracter"    shift, and go to state 14
  "read"        shift, and go to state 6
  "print"       shift, and go to state 7
  "for"         shift, and go to state 9
  "num"         shift, and go to state 11
  "id"          shift, and go to state 15

  Expresion     go to state 3
  Instruccion   go to state 81

state 131

   9) Instruccion : "for" Expresion "from" Expresion "to" Expresion "[" "step" Expresion "]" "->" Instrucciones "end" _

  $default      reduce using rule 9 (Instruccion)

